\BOOKMARK [0][-]{chapter.1}{\376\377\0001\000\040\000C\000l\000a\000s\000s\000\040\000I\000n\000d\000e\000x}{}% 1
\BOOKMARK [1][-]{section.1.1}{\376\377\0001\000.\0001\000\040\000C\000l\000a\000s\000s\000\040\000L\000i\000s\000t}{chapter.1}% 2
\BOOKMARK [0][-]{chapter.2}{\376\377\0002\000\040\000C\000l\000a\000s\000s\000\040\000D\000o\000c\000u\000m\000e\000n\000t\000a\000t\000i\000o\000n}{}% 3
\BOOKMARK [1][-]{section.2.1}{\376\377\0002\000.\0001\000\040\000R\000O\000U\000K\000F\000\040\000C\000l\000a\000s\000s\000\040\000R\000e\000f\000e\000r\000e\000n\000c\000e}{chapter.2}% 4
\BOOKMARK [2][-]{subsection.2.1.1}{\376\377\0002\000.\0001\000.\0001\000\040\000D\000e\000t\000a\000i\000l\000e\000d\000\040\000D\000e\000s\000c\000r\000i\000p\000t\000i\000o\000n}{section.2.1}% 5
\BOOKMARK [2][-]{subsection.2.1.2}{\376\377\0002\000.\0001\000.\0002\000\040\000M\000e\000m\000b\000e\000r\000\040\000E\000n\000u\000m\000e\000r\000a\000t\000i\000o\000n\000\040\000D\000o\000c\000u\000m\000e\000n\000t\000a\000t\000i\000o\000n}{section.2.1}% 6
\BOOKMARK [3][-]{subsubsection.2.1.2.1}{\376\377\0002\000.\0001\000.\0002\000.\0001\000\040\000P\000A\000R\000A\000M\000\137\000T\000Y\000P\000E}{subsection.2.1.2}% 7
\BOOKMARK [2][-]{subsection.2.1.3}{\376\377\0002\000.\0001\000.\0003\000\040\000C\000o\000n\000s\000t\000r\000u\000c\000t\000o\000r\000\040\000\046\000\040\000D\000e\000s\000t\000r\000u\000c\000t\000o\000r\000\040\000D\000o\000c\000u\000m\000e\000n\000t\000a\000t\000i\000o\000n}{section.2.1}% 8
\BOOKMARK [3][-]{subsubsection.2.1.3.1}{\376\377\0002\000.\0001\000.\0003\000.\0001\000\040\000R\000O\000U\000K\000F\000\050\000\051}{subsection.2.1.3}% 9
\BOOKMARK [2][-]{subsection.2.1.4}{\376\377\0002\000.\0001\000.\0004\000\040\000M\000e\000m\000b\000e\000r\000\040\000F\000u\000n\000c\000t\000i\000o\000n\000\040\000D\000o\000c\000u\000m\000e\000n\000t\000a\000t\000i\000o\000n}{section.2.1}% 10
\BOOKMARK [3][-]{subsubsection.2.1.4.1}{\376\377\0002\000.\0001\000.\0004\000.\0001\000\040\000e\000x\000e\000c\000u\000t\000e\000S\000t\000e\000p\000\050\000\051}{subsection.2.1.4}% 11
\BOOKMARK [3][-]{subsubsection.2.1.4.2}{\376\377\0002\000.\0001\000.\0004\000.\0002\000\040\000e\000x\000e\000c\000u\000t\000e\000S\000t\000e\000p\000P\000a\000r\000a\000l\000l\000e\000l\000\050\000\051}{subsection.2.1.4}% 12
\BOOKMARK [3][-]{subsubsection.2.1.4.3}{\376\377\0002\000.\0001\000.\0004\000.\0003\000\040\000g\000e\000t\000P\000a\000r\000a\000m\000e\000t\000e\000r\000s\000S\000t\000d\000\050\000\051}{subsection.2.1.4}% 13
\BOOKMARK [3][-]{subsubsection.2.1.4.4}{\376\377\0002\000.\0001\000.\0004\000.\0004\000\040\000r\000e\000s\000e\000t\000\050\000\051}{subsection.2.1.4}% 14
\BOOKMARK [3][-]{subsubsection.2.1.4.5}{\376\377\0002\000.\0001\000.\0004\000.\0005\000\040\000t\000o\000S\000t\000r\000i\000n\000g\000\050\000\051}{subsection.2.1.4}% 15
\BOOKMARK [1][-]{section.2.2}{\376\377\0002\000.\0002\000\040\000S\000i\000g\000m\000a\000P\000o\000i\000n\000t\000s\000G\000e\000n\000e\000r\000a\000t\000o\000r\000\040\000C\000l\000a\000s\000s\000\040\000R\000e\000f\000e\000r\000e\000n\000c\000e}{chapter.2}% 16
\BOOKMARK [2][-]{subsection.2.2.1}{\376\377\0002\000.\0002\000.\0001\000\040\000D\000e\000t\000a\000i\000l\000e\000d\000\040\000D\000e\000s\000c\000r\000i\000p\000t\000i\000o\000n}{section.2.2}% 17
\BOOKMARK [2][-]{subsection.2.2.2}{\376\377\0002\000.\0002\000.\0002\000\040\000M\000e\000m\000b\000e\000r\000\040\000F\000u\000n\000c\000t\000i\000o\000n\000\040\000D\000o\000c\000u\000m\000e\000n\000t\000a\000t\000i\000o\000n}{section.2.2}% 18
\BOOKMARK [3][-]{subsubsection.2.2.2.1}{\376\377\0002\000.\0002\000.\0002\000.\0001\000\040\000c\000a\000n\000o\000n\000i\000c\000S\000i\000g\000m\000a\000P\000o\000i\000n\000t\000s\000\050\000\051}{subsection.2.2.2}% 19
\BOOKMARK [3][-]{subsubsection.2.2.2.2}{\376\377\0002\000.\0002\000.\0002\000.\0002\000\040\000g\000e\000n\000e\000r\000a\000t\000e\000S\000i\000g\000m\000a\000P\000o\000i\000n\000t\000s\000\050\000\051}{subsection.2.2.2}% 20
\BOOKMARK [3][-]{subsubsection.2.2.2.3}{\376\377\0002\000.\0002\000.\0002\000.\0003\000\040\000s\000i\000m\000p\000l\000e\000x\000S\000i\000g\000m\000a\000P\000o\000i\000n\000t\000s\000\050\000\051}{subsection.2.2.2}% 21
\BOOKMARK [3][-]{subsubsection.2.2.2.4}{\376\377\0002\000.\0002\000.\0002\000.\0004\000\040\000s\000t\000a\000r\000S\000i\000g\000m\000a\000P\000o\000i\000n\000t\000s\000\050\000\051}{subsection.2.2.2}% 22
\BOOKMARK [1][-]{section.2.3}{\376\377\0002\000.\0003\000\040\000S\000t\000a\000t\000i\000c\000R\000O\000U\000K\000F\000\040\000C\000l\000a\000s\000s\000\040\000R\000e\000f\000e\000r\000e\000n\000c\000e}{chapter.2}% 23
\BOOKMARK [2][-]{subsection.2.3.1}{\376\377\0002\000.\0003\000.\0001\000\040\000C\000o\000n\000s\000t\000r\000u\000c\000t\000o\000r\000\040\000\046\000\040\000D\000e\000s\000t\000r\000u\000c\000t\000o\000r\000\040\000D\000o\000c\000u\000m\000e\000n\000t\000a\000t\000i\000o\000n}{section.2.3}% 24
\BOOKMARK [3][-]{subsubsection.2.3.1.1}{\376\377\0002\000.\0003\000.\0001\000.\0001\000\040\000S\000t\000a\000t\000i\000c\000R\000O\000U\000K\000F\000\050\000\051}{subsection.2.3.1}% 25
\BOOKMARK [2][-]{subsection.2.3.2}{\376\377\0002\000.\0003\000.\0002\000\040\000M\000e\000m\000b\000e\000r\000\040\000F\000u\000n\000c\000t\000i\000o\000n\000\040\000D\000o\000c\000u\000m\000e\000n\000t\000a\000t\000i\000o\000n}{section.2.3}% 26
\BOOKMARK [3][-]{subsubsection.2.3.2.1}{\376\377\0002\000.\0003\000.\0002\000.\0001\000\040\000e\000x\000e\000c\000u\000t\000e\000S\000t\000e\000p\000\050\000\051}{subsection.2.3.2}% 27
\BOOKMARK [3][-]{subsubsection.2.3.2.2}{\376\377\0002\000.\0003\000.\0002\000.\0002\000\040\000e\000x\000e\000c\000u\000t\000e\000S\000t\000e\000p\000P\000a\000r\000a\000l\000l\000e\000l\000\050\000\051}{subsection.2.3.2}% 28
\BOOKMARK [3][-]{subsubsection.2.3.2.3}{\376\377\0002\000.\0003\000.\0002\000.\0003\000\040\000s\000e\000t\000P\000a\000r\000a\000m\000e\000t\000e\000r\000s\000\050\000\051}{subsection.2.3.2}% 29
\BOOKMARK [3][-]{subsubsection.2.3.2.4}{\376\377\0002\000.\0003\000.\0002\000.\0004\000\040\000t\000o\000S\000t\000r\000i\000n\000g\000\050\000\051}{subsection.2.3.2}% 30
\BOOKMARK [0][-]{section*.9}{\376\377\000I\000n\000d\000e\000x}{}% 31
